#
# There is insufficient memory for the Java Runtime Environment to continue.
# Native memory allocation (malloc) failed to allocate 1048576 bytes for AllocateHeap
# Possible reasons:
#   The system is out of physical RAM or swap space
#   The process is running with CompressedOops enabled, and the Java Heap may be blocking the growth of the native heap
# Possible solutions:
#   Reduce memory load on the system
#   Increase physical memory or swap space
#   Check if swap backing store is full
#   Decrease Java heap size (-Xmx/-Xms)
#   Decrease number of Java threads
#   Decrease Java thread stack sizes (-Xss)
#   Set larger code cache with -XX:ReservedCodeCacheSize=
#   JVM is running with Unscaled Compressed Oops mode in which the Java heap is
#     placed in the first 4GB address space. The Java Heap base address is the
#     maximum limit for the native heap growth. Please use -XX:HeapBaseMinAddress
#     to set the Java Heap base and to place the Java Heap above 4GB virtual address.
# This output file may be truncated or incomplete.
#
#  Out of Memory Error (allocation.cpp:44), pid=31832, tid=16516
#
# JRE version: Java(TM) SE Runtime Environment (17.0.10+11) (build 17.0.10+11-LTS-240)
# Java VM: Java HotSpot(TM) 64-Bit Server VM (17.0.10+11-LTS-240, mixed mode, emulated-client, sharing, tiered, compressed oops, compressed class ptrs, g1 gc, windows-amd64)
# No core dump will be written. Minidumps are not enabled by default on client versions of Windows
#

---------------  S U M M A R Y ------------

Command Line: -XX:TieredStopAtLevel=1 -Dspring.output.ansi.enabled=always -Dcom.sun.management.jmxremote -Dspring.jmx.enabled=true -Dspring.liveBeansView.mbeanDomain -Dspring.application.admin.enabled=true -Dmanagement.endpoints.jmx.exposure.include=* -javaagent:C:\Program Files\JetBrains\IntelliJ IDEA 2024.3.3\lib\idea_rt.jar=59510:C:\Program Files\JetBrains\IntelliJ IDEA 2024.3.3\bin -Dfile.encoding=UTF-8 com.example.parcialcompiladores.ParcialCompiladoresApplication

Host: AMD Ryzen 5 3500U with Radeon Vega Mobile Gfx  , 8 cores, 5G,  Windows 11 , 64 bit Build 26100 (10.0.26100.3323)
Time: Sun Mar 23 13:47:57 2025 Hora est. Pacífico, Sudamérica elapsed time: 486.053776 seconds (0d 0h 8m 6s)

---------------  T H R E A D  ---------------

Current thread (0x000001317083a6e0):  VMThread "VM Thread" [stack: 0x00000007f6900000,0x00000007f6a00000] [id=16516]

Stack: [0x00000007f6900000,0x00000007f6a00000]
Native frames: (J=compiled Java code, j=interpreted, Vv=VM code, C=native code)
V  [jvm.dll+0x677a5a]
V  [jvm.dll+0x7d8b2d]
V  [jvm.dll+0x7da48e]
V  [jvm.dll+0x7daaf3]
V  [jvm.dll+0x2455ff]
V  [jvm.dll+0xa5173]
V  [jvm.dll+0x2f4183]
V  [jvm.dll+0x2f00e0]
V  [jvm.dll+0x2d86b7]
V  [jvm.dll+0x31b227]
V  [jvm.dll+0x7df30b]
V  [jvm.dll+0x7e0044]
V  [jvm.dll+0x7e055d]
V  [jvm.dll+0x7e0934]
V  [jvm.dll+0x7e0a00]
V  [jvm.dll+0x78888a]
V  [jvm.dll+0x676935]
C  [ucrtbase.dll+0x37b0]
C  [KERNEL32.DLL+0x2e8d7]
C  [ntdll.dll+0xbbf6c]

VM_Operation (0x00000007f60ff100): G1CollectFull, mode: safepoint, requested by thread 0x0000013177c47a10


---------------  P R O C E S S  ---------------

Threads class SMR info:
_java_thread_list=0x00000131778ce120, length=19, elements={
0x000001317083ecf0, 0x0000013170840420, 0x0000013170853960, 0x00000131708570a0,
0x000001317085a5e0, 0x000001317085bfb0, 0x00000131708600e0, 0x0000013170860ae0,
0x000001317082a890, 0x00000131750093c0, 0x0000013175009cb0, 0x0000013175190a50,
0x00000131752dff00, 0x00000131752c7a10, 0x00000131764b8ab0, 0x00000131764bb840,
0x0000013177c48e50, 0x0000013177c4acb0, 0x0000013177c47a10
}

Java Threads: ( => current thread )
  0x000001317083ecf0 JavaThread "Reference Handler" daemon [_thread_blocked, id=14944, stack(0x00000007f6a00000,0x00000007f6b00000)]
  0x0000013170840420 JavaThread "Finalizer" daemon [_thread_blocked, id=33692, stack(0x00000007f6b00000,0x00000007f6c00000)]
  0x0000013170853960 JavaThread "Signal Dispatcher" daemon [_thread_blocked, id=27736, stack(0x00000007f6c00000,0x00000007f6d00000)]
  0x00000131708570a0 JavaThread "Attach Listener" daemon [_thread_blocked, id=32516, stack(0x00000007f6d00000,0x00000007f6e00000)]
  0x000001317085a5e0 JavaThread "Service Thread" daemon [_thread_blocked, id=32408, stack(0x00000007f6e00000,0x00000007f6f00000)]
  0x000001317085bfb0 JavaThread "Monitor Deflation Thread" daemon [_thread_blocked, id=30936, stack(0x00000007f6f00000,0x00000007f7000000)]
  0x00000131708600e0 JavaThread "C1 CompilerThread0" daemon [_thread_blocked, id=8816, stack(0x00000007f7000000,0x00000007f7100000)]
  0x0000013170860ae0 JavaThread "Sweeper thread" daemon [_thread_blocked, id=8796, stack(0x00000007f7100000,0x00000007f7200000)]
  0x000001317082a890 JavaThread "Common-Cleaner" daemon [_thread_blocked, id=33276, stack(0x00000007f7200000,0x00000007f7300000)]
  0x00000131750093c0 JavaThread "Monitor Ctrl-Break" daemon [_thread_in_native, id=26308, stack(0x00000007f7600000,0x00000007f7700000)]
  0x0000013175009cb0 JavaThread "Notification Thread" daemon [_thread_blocked, id=24040, stack(0x00000007f7700000,0x00000007f7800000)]
  0x0000013175190a50 JavaThread "RMI TCP Accept-0" daemon [_thread_in_native, id=33540, stack(0x00000007f7800000,0x00000007f7900000)]
  0x00000131752dff00 JavaThread "RMI Scheduler(0)" daemon [_thread_blocked, id=8076, stack(0x00000007f7b00000,0x00000007f7c00000)]
  0x00000131752c7a10 JavaThread "JMX server connection timeout 20" daemon [_thread_blocked, id=15796, stack(0x00000007f7c00000,0x00000007f7d00000)]
  0x00000131764b8ab0 JavaThread "PostgreSQL-JDBC-Cleaner" daemon [_thread_blocked, id=28708, stack(0x00000007f8d00000,0x00000007f8e00000)]
  0x00000131764bb840 JavaThread "Live Reload Server" daemon [_thread_in_native, id=13788, stack(0x00000007f9200000,0x00000007f9300000)]
  0x0000013177c48e50 JavaThread "DestroyJavaVM" [_thread_blocked, id=2792, stack(0x00000007f6300000,0x00000007f6400000)]
  0x0000013177c4acb0 JavaThread "RMI TCP Connection(5)-192.168.1.95" daemon [_thread_blocked, id=29780, stack(0x00000007f7300000,0x00000007f7400000)]
  0x0000013177c47a10 JavaThread "Thread-5" [_thread_blocked, id=22900, stack(0x00000007f6000000,0x00000007f6100000)]

Other Threads:
=>0x000001317083a6e0 VMThread "VM Thread" [stack: 0x00000007f6900000,0x00000007f6a00000] [id=16516]
  0x000001315f45f5f0 WatcherThread [stack: 0x00000007f7a00000,0x00000007f7b00000] [id=22336]
  0x000001315f447090 GCTaskThread "GC Thread#0" [stack: 0x00000007f6400000,0x00000007f6500000] [id=26368]
  0x00000131755f0de0 GCTaskThread "GC Thread#1" [stack: 0x00000007f7d00000,0x00000007f7e00000] [id=33480]
  0x00000131756259e0 GCTaskThread "GC Thread#2" [stack: 0x00000007f7e00000,0x00000007f7f00000] [id=31392]
  0x0000013175625ca0 GCTaskThread "GC Thread#3" [stack: 0x00000007f7f00000,0x00000007f8000000] [id=24496]
  0x0000013175625f60 GCTaskThread "GC Thread#4" [stack: 0x00000007f8000000,0x00000007f8100000] [id=29352]
  0x00000131756266a0 GCTaskThread "GC Thread#5" [stack: 0x00000007f8100000,0x00000007f8200000] [id=24612]
  0x0000013175626960 GCTaskThread "GC Thread#6" [stack: 0x00000007f8200000,0x00000007f8300000] [id=5044]
  0x00000131756270a0 GCTaskThread "GC Thread#7" [stack: 0x00000007f8300000,0x00000007f8400000] [id=12484]
  0x000001315f454a30 ConcurrentGCThread "G1 Main Marker" [stack: 0x00000007f6500000,0x00000007f6600000] [id=32280]
  0x000001315f455be0 ConcurrentGCThread "G1 Conc#0" [stack: 0x00000007f6600000,0x00000007f6700000] [id=20640]
  0x0000013176274de0 ConcurrentGCThread "G1 Conc#1" [stack: 0x00000007f8900000,0x00000007f8a00000] [id=33312]
  0x000001315f4bd9d0 ConcurrentGCThread "G1 Refine#0" [stack: 0x00000007f6700000,0x00000007f6800000] [id=14080]
  0x00000131755f9530 ConcurrentGCThread "G1 Refine#1" [stack: 0x00000007f8400000,0x00000007f8500000] [id=13992]
  0x000001315f4be400 ConcurrentGCThread "G1 Service" [stack: 0x00000007f6800000,0x00000007f6900000] [id=27956]

Threads with active compile tasks:
C1 CompilerThread0   486161 6813  s    1       org.apache.catalina.util.LifecycleBase::setStateInternal (144 bytes)

VM state: at safepoint (normal execution)

VM Mutex/Monitor currently owned by a thread:  ([mutex/lock_event])
[0x000001315f3f6920] Threads_lock - owner thread: 0x000001317083a6e0
[0x000001315f3f7220] Heap_lock - owner thread: 0x0000013177c47a10

Heap address: 0x00000000a1400000, size: 1516 MB, Compressed Oops mode: 32-bit

CDS archive(s) mapped at: [0x0000013100000000-0x0000013100bd0000-0x0000013100bd0000), size 12386304, SharedBaseAddress: 0x0000013100000000, ArchiveRelocationMode: 1.
Compressed class space mapped at: 0x0000013101000000-0x0000013141000000, reserved size: 1073741824
Narrow klass base: 0x0000013100000000, Narrow klass shift: 0, Narrow klass range: 0x100000000

GC Precious Log:
 CPUs: 8 total, 8 available
 Memory: 6058M
 Large Page Support: Disabled
 NUMA Support: Disabled
 Compressed Oops: Enabled (32-bit)
 Heap Region Size: 1M
 Heap Min Capacity: 8M
 Heap Initial Capacity: 96M
 Heap Max Capacity: 1516M
 Pre-touch: Disabled
 Parallel Workers: 8
 Concurrent Workers: 2
 Concurrent Refinement Workers: 8
 Periodic GC: Disabled

Heap:
 garbage-first heap   total 60416K, used 42687K [0x00000000a1400000, 0x0000000100000000)
  region size 1024K, 15 young (15360K), 1 survivors (1024K)
 Metaspace       used 66951K, committed 67904K, reserved 1114112K
  class space    used 9706K, committed 10048K, reserved 1048576K

Heap Regions: E=young(eden), S=young(survivor), O=old, HS=humongous(starts), HC=humongous(continues), CS=collection set, F=free, OA=open archive, CA=closed archive, TAMS=top-at-mark-start (previous, next)
|   0|0x00000000a1400000, 0x00000000a1500000, 0x00000000a1500000|100%|HS|  |TAMS 0x00000000a1500000, 0x00000000a1400000| Complete 
|   1|0x00000000a1500000, 0x00000000a1600000, 0x00000000a1600000|100%|HS|  |TAMS 0x00000000a1600000, 0x00000000a1500000| Complete 
|   2|0x00000000a1600000, 0x00000000a1700000, 0x00000000a1700000|100%| O|  |TAMS 0x00000000a1700000, 0x00000000a1600000| Untracked 
|   3|0x00000000a1700000, 0x00000000a1800000, 0x00000000a1800000|100%| O|  |TAMS 0x00000000a1800000, 0x00000000a1700000| Untracked 
|   4|0x00000000a1800000, 0x00000000a1900000, 0x00000000a1900000|100%| O|  |TAMS 0x00000000a1900000, 0x00000000a1800000| Untracked 
|   5|0x00000000a1900000, 0x00000000a1a00000, 0x00000000a1a00000|100%| O|  |TAMS 0x00000000a1a00000, 0x00000000a1900000| Untracked 
|   6|0x00000000a1a00000, 0x00000000a1b00000, 0x00000000a1b00000|100%| O|  |TAMS 0x00000000a1b00000, 0x00000000a1a00000| Untracked 
|   7|0x00000000a1b00000, 0x00000000a1c00000, 0x00000000a1c00000|100%| O|  |TAMS 0x00000000a1c00000, 0x00000000a1b00000| Untracked 
|   8|0x00000000a1c00000, 0x00000000a1d00000, 0x00000000a1d00000|100%| O|  |TAMS 0x00000000a1d00000, 0x00000000a1c00000| Untracked 
|   9|0x00000000a1d00000, 0x00000000a1e00000, 0x00000000a1e00000|100%| O|  |TAMS 0x00000000a1e00000, 0x00000000a1d00000| Untracked 
|  10|0x00000000a1e00000, 0x00000000a1ea3400, 0x00000000a1f00000| 63%| O|  |TAMS 0x00000000a1e00000, 0x00000000a1e00000| Untracked 
|  11|0x00000000a1f00000, 0x00000000a2000000, 0x00000000a2000000|100%| O|  |TAMS 0x00000000a2000000, 0x00000000a1f00000| Untracked 
|  12|0x00000000a2000000, 0x00000000a2100000, 0x00000000a2100000|100%| O|  |TAMS 0x00000000a2100000, 0x00000000a2000000| Untracked 
|  13|0x00000000a2100000, 0x00000000a2200000, 0x00000000a2200000|100%| O|  |TAMS 0x00000000a2200000, 0x00000000a2100000| Untracked 
|  14|0x00000000a2200000, 0x00000000a2300000, 0x00000000a2300000|100%| O|  |TAMS 0x00000000a2300000, 0x00000000a2200000| Untracked 
|  15|0x00000000a2300000, 0x00000000a2300000, 0x00000000a2400000|  0%| F|  |TAMS 0x00000000a2300000, 0x00000000a2300000| Untracked 
|  16|0x00000000a2400000, 0x00000000a2400000, 0x00000000a2500000|  0%| F|  |TAMS 0x00000000a2400000, 0x00000000a2400000| Untracked 
|  17|0x00000000a2500000, 0x00000000a2500000, 0x00000000a2600000|  0%| F|  |TAMS 0x00000000a2500000, 0x00000000a2500000| Untracked 
|  18|0x00000000a2600000, 0x00000000a2700000, 0x00000000a2700000|100%| O|  |TAMS 0x00000000a2700000, 0x00000000a2600000| Untracked 
|  19|0x00000000a2700000, 0x00000000a2700000, 0x00000000a2800000|  0%| F|  |TAMS 0x00000000a2700000, 0x00000000a2700000| Untracked 
|  20|0x00000000a2800000, 0x00000000a2900000, 0x00000000a2900000|100%| O|  |TAMS 0x00000000a2900000, 0x00000000a2800000| Untracked 
|  21|0x00000000a2900000, 0x00000000a2a00000, 0x00000000a2a00000|100%| O|  |TAMS 0x00000000a2a00000, 0x00000000a2900000| Untracked 
|  22|0x00000000a2a00000, 0x00000000a2b00000, 0x00000000a2b00000|100%| O|  |TAMS 0x00000000a2b00000, 0x00000000a2a00000| Untracked 
|  23|0x00000000a2b00000, 0x00000000a2c00000, 0x00000000a2c00000|100%| O|  |TAMS 0x00000000a2c00000, 0x00000000a2b00000| Untracked 
|  24|0x00000000a2c00000, 0x00000000a2d00000, 0x00000000a2d00000|100%| O|  |TAMS 0x00000000a2d00000, 0x00000000a2c00000| Untracked 
|  25|0x00000000a2d00000, 0x00000000a2e00000, 0x00000000a2e00000|100%| O|  |TAMS 0x00000000a2e00000, 0x00000000a2d00000| Untracked 
|  26|0x00000000a2e00000, 0x00000000a2f00000, 0x00000000a2f00000|100%| O|  |TAMS 0x00000000a2f00000, 0x00000000a2e00000| Untracked 
|  27|0x00000000a2f00000, 0x00000000a2f00000, 0x00000000a3000000|  0%| F|  |TAMS 0x00000000a2f00000, 0x00000000a2f00000| Untracked 
|  28|0x00000000a3000000, 0x00000000a3000000, 0x00000000a3100000|  0%| F|  |TAMS 0x00000000a3000000, 0x00000000a3000000| Untracked 
|  29|0x00000000a3100000, 0x00000000a3100000, 0x00000000a3200000|  0%| F|  |TAMS 0x00000000a3100000, 0x00000000a3100000| Untracked 
|  30|0x00000000a3200000, 0x00000000a3300000, 0x00000000a3300000|100%| O|  |TAMS 0x00000000a3200000, 0x00000000a3200000| Untracked 
|  31|0x00000000a3300000, 0x00000000a3400000, 0x00000000a3400000|100%| O|  |TAMS 0x00000000a3300000, 0x00000000a3300000| Untracked 
|  32|0x00000000a3400000, 0x00000000a3500000, 0x00000000a3500000|100%| O|  |TAMS 0x00000000a3400000, 0x00000000a3400000| Untracked 
|  33|0x00000000a3500000, 0x00000000a3600000, 0x00000000a3600000|100%| O|  |TAMS 0x00000000a3500000, 0x00000000a3500000| Untracked 
|  34|0x00000000a3600000, 0x00000000a3700000, 0x00000000a3700000|100%| O|  |TAMS 0x00000000a3600000, 0x00000000a3600000| Untracked 
|  35|0x00000000a3700000, 0x00000000a3800000, 0x00000000a3800000|100%| O|  |TAMS 0x00000000a3700000, 0x00000000a3700000| Untracked 
|  36|0x00000000a3800000, 0x00000000a3800000, 0x00000000a3900000|  0%| F|  |TAMS 0x00000000a3800000, 0x00000000a3800000| Untracked 
|  37|0x00000000a3900000, 0x00000000a3900000, 0x00000000a3a00000|  0%| F|  |TAMS 0x00000000a3900000, 0x00000000a3900000| Untracked 
|  38|0x00000000a3a00000, 0x00000000a3a00000, 0x00000000a3b00000|  0%| F|  |TAMS 0x00000000a3a00000, 0x00000000a3a00000| Untracked 
|  39|0x00000000a3b00000, 0x00000000a3b00000, 0x00000000a3c00000|  0%| F|  |TAMS 0x00000000a3b00000, 0x00000000a3b00000| Untracked 
|  40|0x00000000a3c00000, 0x00000000a3c00000, 0x00000000a3d00000|  0%| F|  |TAMS 0x00000000a3c00000, 0x00000000a3c00000| Untracked 
|  41|0x00000000a3d00000, 0x00000000a3d00000, 0x00000000a3e00000|  0%| F|  |TAMS 0x00000000a3d00000, 0x00000000a3d00000| Untracked 
|  42|0x00000000a3e00000, 0x00000000a3e00000, 0x00000000a3f00000|  0%| F|  |TAMS 0x00000000a3e00000, 0x00000000a3e00000| Untracked 
|  43|0x00000000a3f00000, 0x00000000a3f00000, 0x00000000a4000000|  0%| F|  |TAMS 0x00000000a3f00000, 0x00000000a3f00000| Untracked 
|  44|0x00000000a4000000, 0x00000000a40948d8, 0x00000000a4100000| 58%| E|  |TAMS 0x00000000a4000000, 0x00000000a4000000| Complete 
|  45|0x00000000a4100000, 0x00000000a4200000, 0x00000000a4200000|100%| E|CS|TAMS 0x00000000a4100000, 0x00000000a4100000| Complete 
|  46|0x00000000a4200000, 0x00000000a4300000, 0x00000000a4300000|100%| E|CS|TAMS 0x00000000a4200000, 0x00000000a4200000| Complete 
|  47|0x00000000a4300000, 0x00000000a4400000, 0x00000000a4400000|100%| E|CS|TAMS 0x00000000a4300000, 0x00000000a4300000| Complete 
|  48|0x00000000a4400000, 0x00000000a4500000, 0x00000000a4500000|100%| E|CS|TAMS 0x00000000a4400000, 0x00000000a4400000| Complete 
|  49|0x00000000a4500000, 0x00000000a4600000, 0x00000000a4600000|100%| E|CS|TAMS 0x00000000a4500000, 0x00000000a4500000| Complete 
|  50|0x00000000a4600000, 0x00000000a4700000, 0x00000000a4700000|100%| E|CS|TAMS 0x00000000a4600000, 0x00000000a4600000| Complete 
|  51|0x00000000a4700000, 0x00000000a4800000, 0x00000000a4800000|100%| E|CS|TAMS 0x00000000a4700000, 0x00000000a4700000| Complete 
|  52|0x00000000a4800000, 0x00000000a4900000, 0x00000000a4900000|100%| E|CS|TAMS 0x00000000a4800000, 0x00000000a4800000| Complete 
|  78|0x00000000a6200000, 0x00000000a6300000, 0x00000000a6300000|100%| E|CS|TAMS 0x00000000a6200000, 0x00000000a6200000| Complete 
|  79|0x00000000a6300000, 0x00000000a6400000, 0x00000000a6400000|100%| E|CS|TAMS 0x00000000a6300000, 0x00000000a6300000| Complete 
|  80|0x00000000a6400000, 0x00000000a6500000, 0x00000000a6500000|100%| E|CS|TAMS 0x00000000a6400000, 0x00000000a6400000| Complete 
|  81|0x00000000a6500000, 0x00000000a650c948, 0x00000000a6600000|  4%| S|CS|TAMS 0x00000000a6500000, 0x00000000a6500000| Complete 
|  94|0x00000000a7200000, 0x00000000a7300000, 0x00000000a7300000|100%| E|CS|TAMS 0x00000000a7200000, 0x00000000a7200000| Complete 
|  95|0x00000000a7300000, 0x00000000a7400000, 0x00000000a7400000|100%| E|CS|TAMS 0x00000000a7300000, 0x00000000a7300000| Complete 

Card table byte_map: [0x000001316a8f0000,0x000001316abf0000] _byte_map_base: 0x000001316a3e6000

Marking Bits (Prev, Next): (CMBitMap*) 0x000001315f4476f0, (CMBitMap*) 0x000001315f4476b0
 Prev Bits: [0x000001316c6a0000, 0x000001316de50000)
 Next Bits: [0x000001316aef0000, 0x000001316c6a0000)

Polling page: 0x000001315db70000

Metaspace:

Usage:
  Non-class:     55.90 MB used.
      Class:      9.48 MB used.
       Both:     65.38 MB used.

Virtual space:
  Non-class space:       64.00 MB reserved,      56.50 MB ( 88%) committed,  1 nodes.
      Class space:        1.00 GB reserved,       9.81 MB ( <1%) committed,  1 nodes.
             Both:        1.06 GB reserved,      66.31 MB (  6%) committed. 

Chunk freelists:
   Non-Class:  7.56 MB
       Class:  6.33 MB
        Both:  13.90 MB

MaxMetaspaceSize: unlimited
CompressedClassSpaceSize: 1.00 GB
Initial GC threshold: 21.00 MB
Current GC threshold: 110.44 MB
CDS: on
MetaspaceReclaimPolicy: balanced
 - commit_granule_bytes: 65536.
 - commit_granule_words: 8192.
 - virtual_space_node_default_size: 8388608.
 - enlarge_chunks_in_place: 1.
 - new_chunks_are_fully_committed: 0.
 - uncommit_free_chunks: 1.
 - use_allocation_guard: 0.
 - handle_deallocations: 1.


Internal statistics:

num_allocs_failed_limit: 11.
num_arena_births: 1022.
num_arena_deaths: 338.
num_vsnodes_births: 2.
num_vsnodes_deaths: 0.
num_space_committed: 1061.
num_space_uncommitted: 0.
num_chunks_returned_to_freelist: 409.
num_chunks_taken_from_freelist: 3551.
num_chunk_merges: 134.
num_chunk_splits: 2421.
num_chunks_enlarged: 1783.
num_inconsistent_stats: 0.

CodeCache: size=49152Kb used=11891Kb max_used=13223Kb free=37260Kb
 bounds [0x0000013166d60000, 0x0000013167ab0000, 0x0000013169d60000]
 total_blobs=7501 nmethods=6808 adapters=619
 compilation: enabled
              stopped_count=0, restarted_count=0
 full_count=0

Compilation events (20 events):
Event: 484.007 Thread 0x00000131708600e0 6804       1       com.sun.crypto.provider.GHASH::<init> (70 bytes)
Event: 484.012 Thread 0x00000131708600e0 nmethod 6804 0x0000013166f1a490 code [0x0000013166f1a680, 0x0000013166f1ab68]
Event: 484.058 Thread 0x00000131708600e0 6805   !   1       java.net.Socket::isClosed (19 bytes)
Event: 484.058 Thread 0x00000131708600e0 nmethod 6805 0x0000013166f1a090 code [0x0000013166f1a220, 0x0000013166f1a3b8]
Event: 484.059 Thread 0x00000131708600e0 6806       1       org.postgresql.jdbc.PgConnection::checkClosed (29 bytes)
Event: 484.062 Thread 0x00000131708600e0 nmethod 6806 0x0000013166f19890 code [0x0000013166f19a60, 0x0000013166f19e08]
Event: 484.062 Thread 0x00000131708600e0 6807       1       sun.security.ssl.SSLCipher$T13GcmWriteCipherGenerator$GcmWriteCipher::getExplicitNonceSize (2 bytes)
Event: 484.063 Thread 0x00000131708600e0 nmethod 6807 0x0000013166f19590 code [0x0000013166f19720, 0x0000013166f197f8]
Event: 484.440 Thread 0x00000131708600e0 6808       1       com.sun.crypto.provider.GaloisCounterMode::checkReInit (19 bytes)
Event: 484.441 Thread 0x00000131708600e0 nmethod 6808 0x0000013166f19210 code [0x0000013166f193a0, 0x0000013166f19508]
Event: 484.555 Thread 0x00000131708600e0 6809       1       java.net.Socket::getImpl (17 bytes)
Event: 484.559 Thread 0x00000131708600e0 nmethod 6809 0x0000013166f18e90 code [0x0000013166f19020, 0x0000013166f19128]
Event: 484.841 Thread 0x00000131708600e0 6810       1       ch.qos.logback.core.pattern.DynamicConverter::getFirstOption (35 bytes)
Event: 484.842 Thread 0x00000131708600e0 nmethod 6810 0x0000013166f18a90 code [0x0000013166f18c40, 0x0000013166f18dd8]
Event: 484.842 Thread 0x00000131708600e0 6811       1       ch.qos.logback.core.pattern.CompositeConverter::convert (43 bytes)
Event: 484.846 Thread 0x00000131708600e0 nmethod 6811 0x0000013166f18390 code [0x0000013166f18560, 0x0000013166f188e8]
Event: 485.018 Thread 0x00000131708600e0 6812       1       org.apache.juli.logging.DirectJDKLog::isDebugEnabled (11 bytes)
Event: 485.020 Thread 0x00000131708600e0 nmethod 6812 0x0000013166f17f90 code [0x0000013166f18120, 0x0000013166f18238]
Event: 485.020 Thread 0x00000131708600e0 6813  s    1       org.apache.catalina.util.LifecycleBase::setStateInternal (144 bytes)
Event: 485.024 Thread 0x00000131708600e0 nmethod 6813 0x0000013166f17310 code [0x0000013166f17540, 0x0000013166f17c48]

GC Heap History (20 events):
Event: 14.904 GC heap before
{Heap before GC invocations=13 (full 0):
 garbage-first heap   total 58368K, used 43768K [0x00000000a1400000, 0x0000000100000000)
  region size 1024K, 22 young (22528K), 2 survivors (2048K)
 Metaspace       used 52100K, committed 52608K, reserved 1114112K
  class space    used 7320K, committed 7552K, reserved 1048576K
}
Event: 14.908 GC heap after
{Heap after GC invocations=14 (full 0):
 garbage-first heap   total 58368K, used 25093K [0x00000000a1400000, 0x0000000100000000)
  region size 1024K, 2 young (2048K), 2 survivors (2048K)
 Metaspace       used 52100K, committed 52608K, reserved 1114112K
  class space    used 7320K, committed 7552K, reserved 1048576K
}
Event: 15.699 GC heap before
{Heap before GC invocations=14 (full 0):
 garbage-first heap   total 58368K, used 45573K [0x00000000a1400000, 0x0000000100000000)
  region size 1024K, 22 young (22528K), 2 survivors (2048K)
 Metaspace       used 56484K, committed 57024K, reserved 1114112K
  class space    used 8161K, committed 8448K, reserved 1048576K
}
Event: 15.703 GC heap after
{Heap after GC invocations=15 (full 0):
 garbage-first heap   total 58368K, used 25833K [0x00000000a1400000, 0x0000000100000000)
  region size 1024K, 2 young (2048K), 2 survivors (2048K)
 Metaspace       used 56484K, committed 57024K, reserved 1114112K
  class space    used 8161K, committed 8448K, reserved 1048576K
}
Event: 16.310 GC heap before
{Heap before GC invocations=15 (full 0):
 garbage-first heap   total 58368K, used 43241K [0x00000000a1400000, 0x0000000100000000)
  region size 1024K, 20 young (20480K), 2 survivors (2048K)
 Metaspace       used 59728K, committed 60288K, reserved 1114112K
  class space    used 8672K, committed 8960K, reserved 1048576K
}
Event: 16.316 GC heap after
{Heap after GC invocations=16 (full 0):
 garbage-first heap   total 58368K, used 26351K [0x00000000a1400000, 0x0000000100000000)
  region size 1024K, 3 young (3072K), 3 survivors (3072K)
 Metaspace       used 59728K, committed 60288K, reserved 1114112K
  class space    used 8672K, committed 8960K, reserved 1048576K
}
Event: 20.073 GC heap before
{Heap before GC invocations=17 (full 0):
 garbage-first heap   total 58368K, used 45807K [0x00000000a1400000, 0x0000000100000000)
  region size 1024K, 22 young (22528K), 3 survivors (3072K)
 Metaspace       used 62239K, committed 62848K, reserved 1114112K
  class space    used 9011K, committed 9280K, reserved 1048576K
}
Event: 20.081 GC heap after
{Heap after GC invocations=18 (full 0):
 garbage-first heap   total 58368K, used 27993K [0x00000000a1400000, 0x0000000100000000)
  region size 1024K, 3 young (3072K), 3 survivors (3072K)
 Metaspace       used 62239K, committed 62848K, reserved 1114112K
  class space    used 9011K, committed 9280K, reserved 1048576K
}
Event: 20.693 GC heap before
{Heap before GC invocations=18 (full 0):
 garbage-first heap   total 58368K, used 45401K [0x00000000a1400000, 0x0000000100000000)
  region size 1024K, 21 young (21504K), 3 survivors (3072K)
 Metaspace       used 63809K, committed 64512K, reserved 1114112K
  class space    used 9240K, committed 9600K, reserved 1048576K
}
Event: 20.700 GC heap after
{Heap after GC invocations=19 (full 0):
 garbage-first heap   total 58368K, used 29773K [0x00000000a1400000, 0x0000000100000000)
  region size 1024K, 2 young (2048K), 2 survivors (2048K)
 Metaspace       used 63809K, committed 64512K, reserved 1114112K
  class space    used 9240K, committed 9600K, reserved 1048576K
}
Event: 21.297 GC heap before
{Heap before GC invocations=20 (full 0):
 garbage-first heap   total 58368K, used 47181K [0x00000000a1400000, 0x0000000100000000)
  region size 1024K, 19 young (19456K), 2 survivors (2048K)
 Metaspace       used 66195K, committed 66816K, reserved 1114112K
  class space    used 9610K, committed 9920K, reserved 1048576K
}
Event: 21.302 GC heap after
{Heap after GC invocations=21 (full 0):
 garbage-first heap   total 58368K, used 31352K [0x00000000a1400000, 0x0000000100000000)
  region size 1024K, 2 young (2048K), 2 survivors (2048K)
 Metaspace       used 66195K, committed 66816K, reserved 1114112K
  class space    used 9610K, committed 9920K, reserved 1048576K
}
Event: 91.196 GC heap before
{Heap before GC invocations=21 (full 0):
 garbage-first heap   total 58368K, used 46712K [0x00000000a1400000, 0x0000000100000000)
  region size 1024K, 17 young (17408K), 2 survivors (2048K)
 Metaspace       used 67156K, committed 67840K, reserved 1114112K
  class space    used 9749K, committed 10048K, reserved 1048576K
}
Event: 91.267 GC heap after
{Heap after GC invocations=22 (full 0):
 garbage-first heap   total 58368K, used 32381K [0x00000000a1400000, 0x0000000100000000)
  region size 1024K, 2 young (2048K), 2 survivors (2048K)
 Metaspace       used 67156K, committed 67840K, reserved 1114112K
  class space    used 9749K, committed 10048K, reserved 1048576K
}
Event: 277.646 GC heap before
{Heap before GC invocations=23 (full 0):
 garbage-first heap   total 60416K, used 45693K [0x00000000a1400000, 0x0000000100000000)
  region size 1024K, 15 young (15360K), 2 survivors (2048K)
 Metaspace       used 66777K, committed 67840K, reserved 1114112K
  class space    used 9665K, committed 10048K, reserved 1048576K
}
Event: 277.763 GC heap after
{Heap after GC invocations=24 (full 0):
 garbage-first heap   total 60416K, used 32032K [0x00000000a1400000, 0x0000000100000000)
  region size 1024K, 1 young (1024K), 1 survivors (1024K)
 Metaspace       used 66777K, committed 67840K, reserved 1114112K
  class space    used 9665K, committed 10048K, reserved 1048576K
}
Event: 293.375 GC heap before
{Heap before GC invocations=24 (full 0):
 garbage-first heap   total 60416K, used 33056K [0x00000000a1400000, 0x0000000100000000)
  region size 1024K, 2 young (2048K), 1 survivors (1024K)
 Metaspace       used 66777K, committed 67840K, reserved 1114112K
  class space    used 9665K, committed 10048K, reserved 1048576K
}
Event: 293.459 GC heap after
{Heap after GC invocations=25 (full 0):
 garbage-first heap   total 60416K, used 29927K [0x00000000a1400000, 0x0000000100000000)
  region size 1024K, 1 young (1024K), 1 survivors (1024K)
 Metaspace       used 66777K, committed 67840K, reserved 1114112K
  class space    used 9665K, committed 10048K, reserved 1048576K
}
Event: 307.575 GC heap before
{Heap before GC invocations=25 (full 0):
 garbage-first heap   total 60416K, used 30951K [0x00000000a1400000, 0x0000000100000000)
  region size 1024K, 2 young (2048K), 1 survivors (1024K)
 Metaspace       used 66777K, committed 67840K, reserved 1114112K
  class space    used 9665K, committed 10048K, reserved 1048576K
}
Event: 307.596 GC heap after
{Heap after GC invocations=26 (full 0):
 garbage-first heap   total 60416K, used 29375K [0x00000000a1400000, 0x0000000100000000)
  region size 1024K, 1 young (1024K), 1 survivors (1024K)
 Metaspace       used 66777K, committed 67840K, reserved 1114112K
  class space    used 9665K, committed 10048K, reserved 1048576K
}

Deoptimization events (0 events):
No events

Classes unloaded (20 events):
Event: 91.374 Thread 0x000001317083a6e0 Unloading class 0x00000131010d0000 'java/lang/invoke/LambdaForm$MH+0x00000131010d0000'
Event: 91.374 Thread 0x000001317083a6e0 Unloading class 0x00000131010c0800 'jdk/internal/reflect/GeneratedSerializationConstructorAccessor3'
Event: 91.374 Thread 0x000001317083a6e0 Unloading class 0x00000131010c0400 'jdk/internal/reflect/GeneratedSerializationConstructorAccessor2'
Event: 91.374 Thread 0x000001317083a6e0 Unloading class 0x00000131010c0000 'jdk/internal/reflect/GeneratedSerializationConstructorAccessor1'
Event: 91.375 Thread 0x000001317083a6e0 Unloading class 0x0000013101009800 'java/lang/invoke/LambdaForm$DMH+0x0000013101009800'
Event: 91.375 Thread 0x000001317083a6e0 Unloading class 0x0000013101009000 'java/lang/invoke/LambdaForm$DMH+0x0000013101009000'
Event: 91.375 Thread 0x000001317083a6e0 Unloading class 0x0000013101008400 'jdk/internal/reflect/GeneratedConstructorAccessor1'
Event: 91.375 Thread 0x000001317083a6e0 Unloading class 0x0000013101007c00 'java/lang/invoke/LambdaForm$MH+0x0000013101007c00'
Event: 91.375 Thread 0x000001317083a6e0 Unloading class 0x0000013101007800 'java/lang/invoke/LambdaForm$MH+0x0000013101007800'
Event: 91.375 Thread 0x000001317083a6e0 Unloading class 0x0000013101007400 'java/lang/invoke/LambdaForm$MH+0x0000013101007400'
Event: 91.375 Thread 0x000001317083a6e0 Unloading class 0x0000013101007000 'java/lang/invoke/LambdaForm$MH+0x0000013101007000'
Event: 91.375 Thread 0x000001317083a6e0 Unloading class 0x0000013101006c00 'java/lang/invoke/LambdaForm$MH+0x0000013101006c00'
Event: 91.375 Thread 0x000001317083a6e0 Unloading class 0x0000013101006800 'java/lang/invoke/LambdaForm$MH+0x0000013101006800'
Event: 91.375 Thread 0x000001317083a6e0 Unloading class 0x0000013101005800 'java/lang/invoke/LambdaForm$MH+0x0000013101005800'
Event: 91.375 Thread 0x000001317083a6e0 Unloading class 0x0000013101005400 'java/lang/invoke/LambdaForm$MH+0x0000013101005400'
Event: 91.375 Thread 0x000001317083a6e0 Unloading class 0x0000013101004c00 'java/lang/invoke/LambdaForm$MH+0x0000013101004c00'
Event: 91.375 Thread 0x000001317083a6e0 Unloading class 0x0000013101004000 'java/lang/invoke/LambdaForm$MH+0x0000013101004000'
Event: 91.375 Thread 0x000001317083a6e0 Unloading class 0x0000013101003800 'java/lang/invoke/LambdaForm$MH+0x0000013101003800'
Event: 91.375 Thread 0x000001317083a6e0 Unloading class 0x0000013101003000 'java/lang/invoke/LambdaForm$MH+0x0000013101003000'
Event: 91.375 Thread 0x000001317083a6e0 Unloading class 0x0000013101002800 'java/lang/invoke/LambdaForm$MH+0x0000013101002800'

Classes redefined (0 events):
No events

Internal exceptions (20 events):
Event: 20.365 Thread 0x00000131755e8c00 Exception <a 'java/lang/NoSuchMethodError'{0x00000000a4473118}: 'java.lang.Object java.lang.invoke.DirectMethodHandle$Holder.invokeInterface(java.lang.Object, java.lang.Object, java.lang.Object, java.lang.Object)'> (0x00000000a4473118) 
thrown [s\open\src\hotspot\share\interpreter\linkResolver.cpp, line 759]
Event: 20.723 Thread 0x00000131755e8c00 Exception <a 'sun/nio/fs/WindowsException'{0x00000000a735b208}> (0x00000000a735b208) 
thrown [s\open\src\hotspot\share\prims\jni.cpp, line 516]
Event: 20.821 Thread 0x00000131755e8c00 Exception <a 'java/lang/IncompatibleClassChangeError'{0x00000000a6429eb8}: Found class java.lang.Object, but interface was expected> (0x00000000a6429eb8) 
thrown [s\open\src\hotspot\share\interpreter\linkResolver.cpp, line 826]
Event: 20.894 Thread 0x00000131755e8c00 Exception <a 'java/lang/NoSuchMethodError'{0x00000000a6212d30}: 'void java.lang.invoke.DirectMethodHandle$Holder.invokeVirtual(java.lang.Object, java.lang.Object, long)'> (0x00000000a6212d30) 
thrown [s\open\src\hotspot\share\interpreter\linkResolver.cpp, line 759]
Event: 21.067 Thread 0x00000131764b99e0 Exception <a 'java/io/FileNotFoundException'{0x00000000a42cb5a0}> (0x00000000a42cb5a0) 
thrown [s\open\src\hotspot\share\prims\jni.cpp, line 516]
Event: 21.083 Thread 0x00000131755e8c00 Exception <a 'java/lang/IncompatibleClassChangeError'{0x00000000a41119a0}: Found class java.lang.Object, but interface was expected> (0x00000000a41119a0) 
thrown [s\open\src\hotspot\share\interpreter\linkResolver.cpp, line 826]
Event: 21.166 Thread 0x00000131755e8c00 Exception <a 'java/lang/reflect/InvocationTargetException'{0x00000000a3f8bc18}> (0x00000000a3f8bc18) 
thrown [s\open\src\hotspot\share\runtime\reflection.cpp, line 1121]
Event: 21.190 Thread 0x00000131755e8c00 Exception <a 'java/lang/NoSuchMethodError'{0x00000000a3ffbea8}: 'int java.lang.invoke.DirectMethodHandle$Holder.invokeStatic(java.lang.Object, java.lang.Object, int)'> (0x00000000a3ffbea8) 
thrown [s\open\src\hotspot\share\interpreter\linkResolver.cpp, line 759]
Event: 21.204 Thread 0x00000131755e8c00 Exception <a 'java/lang/IncompatibleClassChangeError'{0x00000000a3e45440}: Found class java.lang.Object, but interface was expected> (0x00000000a3e45440) 
thrown [s\open\src\hotspot\share\interpreter\linkResolver.cpp, line 826]
Event: 21.205 Thread 0x00000131755e8c00 Exception <a 'java/lang/IncompatibleClassChangeError'{0x00000000a3e4ba38}: Found class java.lang.Object, but interface was expected> (0x00000000a3e4ba38) 
thrown [s\open\src\hotspot\share\interpreter\linkResolver.cpp, line 826]
Event: 21.282 Thread 0x00000131755e8c00 Exception <a 'java/lang/NoSuchMethodError'{0x00000000a3c37328}: 'java.lang.Object java.lang.invoke.DirectMethodHandle$Holder.invokeStatic(java.lang.Object, int, java.lang.Object)'> (0x00000000a3c37328) 
thrown [s\open\src\hotspot\share\interpreter\linkResolver.cpp, line 759]
Event: 21.321 Thread 0x00000131755e8c00 Exception <a 'java/lang/reflect/InvocationTargetException'{0x00000000a7271af8}> (0x00000000a7271af8) 
thrown [s\open\src\hotspot\share\runtime\reflection.cpp, line 1121]
Event: 21.356 Thread 0x00000131755e8c00 Exception <a 'java/lang/NoSuchMethodError'{0x00000000a6416dc0}: 'java.lang.Object java.lang.invoke.DirectMethodHandle$Holder.invokeSpecial(java.lang.Object, java.lang.Object, java.lang.Object, java.lang.Object, java.lang.Object, java.lang.Object, java.lang.Object, java.lang.Object, java.lang.Object, java.lang.Object, java.lang.Object)'> (0x00000000a6416dc0) 
thrown [s\open\src\hotspot\share\interpreter\linkResolver.cpp, line 759]
Event: 21.357 Thread 0x00000131755e8c00 Exception <a 'java/lang/NoSuchMethodError'{0x00000000a641b1f0}: 'java.lang.Object java.lang.invoke.Invokers$Holder.invoke_MT(java.lang.Object, java.lang.Object, java.lang.Object, java.lang.Object, java.lang.Object, java.lang.Object, java.lang.Object, java.lang.Object, java.lang.Object, java.lang.Object, java.lang.Object)'> (0x00000000a641b1f0) 
thrown [s\open\src\hotspot\share\interpreter\linkResolver.cpp, line 759]
Event: 21.538 Thread 0x00000131755e8c00 Exception <a 'java/lang/NoSuchMethodError'{0x00000000a4501928}: 'java.lang.Object java.lang.invoke.DirectMethodHandle$Holder.newInvokeSpecial(java.lang.Object, java.lang.Object, int, java.lang.Object, java.lang.Object)'> (0x00000000a4501928) 
thrown [s\open\src\hotspot\share\interpreter\linkResolver.cpp, line 759]
Event: 22.171 Thread 0x00000131764b99e0 Exception <a 'java/io/FileNotFoundException'{0x00000000a439cd38}> (0x00000000a439cd38) 
thrown [s\open\src\hotspot\share\prims\jni.cpp, line 516]
Event: 322.002 Thread 0x0000013177c49360 Exception <a 'java/lang/NoSuchMethodError'{0x00000000a72708a0}: static [B.<clinit>()V> (0x00000000a72708a0) 
thrown [s\open\src\hotspot\share\prims\jni.cpp, line 1107]
Event: 484.436 Thread 0x0000013177c47f20 Exception <a 'sun/net/ConnectionResetException'{0x00000000a401d2e8}: Connection reset> (0x00000000a401d2e8) 
thrown [s\open\src\hotspot\share\prims\jni.cpp, line 535]
Event: 484.818 Thread 0x0000013177c47f20 Exception <a 'sun/net/ConnectionResetException'{0x00000000a40255a0}: Connection reset> (0x00000000a40255a0) 
thrown [s\open\src\hotspot\share\prims\jni.cpp, line 535]
Event: 485.018 Thread 0x00000131755ebea0 Exception <a 'java/lang/InterruptedException'{0x00000000a4086ab0}: sleep interrupted> (0x00000000a4086ab0) 
thrown [s\open\src\hotspot\share\prims\jvm.cpp, line 3064]

VM Operations (20 events):
Event: 277.764 Executing VM operation: G1CollectForAllocation done
Event: 293.374 Executing VM operation: G1CollectForAllocation
Event: 293.459 Executing VM operation: G1CollectForAllocation done
Event: 307.557 Executing VM operation: G1CollectForAllocation
Event: 307.597 Executing VM operation: G1CollectForAllocation done
Event: 322.702 Executing VM operation: Cleanup
Event: 322.702 Executing VM operation: Cleanup done
Event: 347.922 Executing VM operation: Cleanup
Event: 347.922 Executing VM operation: Cleanup done
Event: 479.891 Executing VM operation: Cleanup
Event: 479.894 Executing VM operation: Cleanup done
Event: 480.898 Executing VM operation: Cleanup
Event: 480.947 Executing VM operation: Cleanup done
Event: 482.972 Executing VM operation: Cleanup
Event: 482.973 Executing VM operation: Cleanup done
Event: 483.979 Executing VM operation: Cleanup
Event: 483.996 Executing VM operation: Cleanup done
Event: 485.002 Executing VM operation: Cleanup
Event: 485.003 Executing VM operation: Cleanup done
Event: 485.024 Executing VM operation: G1CollectFull

Events (20 events):
Event: 483.391 loading class java/util/AbstractMap$2$1
Event: 483.394 loading class java/util/AbstractMap$2$1 done
Event: 483.453 loading class jdk/internal/reflect/UnsafeQualifiedObjectFieldAccessorImpl
Event: 483.457 loading class jdk/internal/reflect/UnsafeQualifiedFieldAccessorImpl
Event: 483.458 loading class jdk/internal/reflect/UnsafeQualifiedFieldAccessorImpl done
Event: 483.459 loading class jdk/internal/reflect/UnsafeQualifiedObjectFieldAccessorImpl done
Event: 483.470 Thread 0x0000013177c47f20 Thread added: 0x0000013177c47f20
Event: 483.476 Thread 0x00000131764ba400 Thread exited: 0x00000131764ba400
Event: 483.521 loading class sun/security/ssl/Alert
Event: 483.571 loading class sun/security/ssl/Alert done
Event: 483.582 loading class sun/security/ssl/Alert$AlertConsumer
Event: 483.593 loading class sun/security/ssl/Alert$AlertConsumer done
Event: 483.594 loading class sun/security/ssl/Alert$Level
Event: 483.597 loading class sun/security/ssl/Alert$Level done
Event: 484.428 loading class sun/net/ConnectionResetException
Event: 484.434 loading class sun/net/ConnectionResetException done
Event: 484.841 Thread 0x0000013177c47f20 Thread exited: 0x0000013177c47f20
Event: 485.017 Thread 0x00000131755eb990 Thread exited: 0x00000131755eb990
Event: 485.018 Thread 0x00000131755eb480 Thread exited: 0x00000131755eb480
Event: 485.018 Thread 0x00000131755ebea0 Thread exited: 0x00000131755ebea0


Dynamic libraries:
0x00007ff62e300000 - 0x00007ff62e310000 	C:\Program Files\Java\jdk-17\bin\java.exe
0x00007fface100000 - 0x00007fface363000 	C:\WINDOWS\SYSTEM32\ntdll.dll
0x00007ffacc970000 - 0x00007ffacca37000 	C:\WINDOWS\System32\KERNEL32.DLL
0x00007ffacb660000 - 0x00007ffacba29000 	C:\WINDOWS\System32\KERNELBASE.dll
0x00007ffacbc90000 - 0x00007ffacbddc000 	C:\WINDOWS\System32\ucrtbase.dll
0x00007ffac82f0000 - 0x00007ffac8309000 	C:\Program Files\Java\jdk-17\bin\jli.dll
0x00007ffabc520000 - 0x00007ffabc53b000 	C:\Program Files\Java\jdk-17\bin\VCRUNTIME140.dll
0x00007ffacc830000 - 0x00007ffacc8e2000 	C:\WINDOWS\System32\ADVAPI32.dll
0x00007ffaccf20000 - 0x00007ffaccfc9000 	C:\WINDOWS\System32\msvcrt.dll
0x00007ffacca40000 - 0x00007ffaccae6000 	C:\WINDOWS\System32\sechost.dll
0x00007ffacbf50000 - 0x00007ffacc066000 	C:\WINDOWS\System32\RPCRT4.dll
0x00007ffacd750000 - 0x00007ffacd91a000 	C:\WINDOWS\System32\USER32.dll
0x00007ffab0710000 - 0x00007ffab09a0000 	C:\WINDOWS\WinSxS\amd64_microsoft.windows.common-controls_6595b64144ccf1df_6.0.26100.3323_none_3e088096e3344490\COMCTL32.dll
0x00007ffacbaf0000 - 0x00007ffacbb17000 	C:\WINDOWS\System32\win32u.dll
0x00007ffacbf20000 - 0x00007ffacbf4a000 	C:\WINDOWS\System32\GDI32.dll
0x00007ffacbde0000 - 0x00007ffacbf11000 	C:\WINDOWS\System32\gdi32full.dll
0x00007ffacb390000 - 0x00007ffacb433000 	C:\WINDOWS\System32\msvcp_win.dll
0x00007ffac3ed0000 - 0x00007ffac3edb000 	C:\WINDOWS\SYSTEM32\VERSION.dll
0x00007ffacd710000 - 0x00007ffacd73f000 	C:\WINDOWS\System32\IMM32.DLL
0x00007ffac0640000 - 0x00007ffac064c000 	C:\Program Files\Java\jdk-17\bin\vcruntime140_1.dll
0x00007ffa9fae0000 - 0x00007ffa9fb6e000 	C:\Program Files\Java\jdk-17\bin\msvcp140.dll
0x00007ffa7ea10000 - 0x00007ffa7f5ef000 	C:\Program Files\Java\jdk-17\bin\server\jvm.dll
0x00007ffacc290000 - 0x00007ffacc298000 	C:\WINDOWS\System32\PSAPI.DLL
0x00007ffac39a0000 - 0x00007ffac39d6000 	C:\WINDOWS\SYSTEM32\WINMM.dll
0x00007ffaa4870000 - 0x00007ffaa487a000 	C:\WINDOWS\SYSTEM32\WSOCK32.dll
0x00007ffacd920000 - 0x00007ffacd994000 	C:\WINDOWS\System32\WS2_32.dll
0x00007ffaca120000 - 0x00007ffaca13a000 	C:\WINDOWS\SYSTEM32\kernel.appcore.dll
0x00007ffabc320000 - 0x00007ffabc32a000 	C:\Program Files\Java\jdk-17\bin\jimage.dll
0x00007ffabdd20000 - 0x00007ffabdf61000 	C:\WINDOWS\SYSTEM32\DBGHELP.DLL
0x00007ffaccb00000 - 0x00007ffacce82000 	C:\WINDOWS\System32\combase.dll
0x00007ffacd600000 - 0x00007ffacd6d6000 	C:\WINDOWS\System32\OLEAUT32.dll
0x00007ffaaffe0000 - 0x00007ffab0019000 	C:\WINDOWS\SYSTEM32\dbgcore.DLL
0x00007ffacb5c0000 - 0x00007ffacb659000 	C:\WINDOWS\System32\bcryptPrimitives.dll
0x00007ffabc310000 - 0x00007ffabc31e000 	C:\Program Files\Java\jdk-17\bin\instrument.dll
0x00007ffaae730000 - 0x00007ffaae755000 	C:\Program Files\Java\jdk-17\bin\java.dll
0x00007ffa90840000 - 0x00007ffa90917000 	C:\Program Files\Java\jdk-17\bin\jsvml.dll
0x00007ffacd9a0000 - 0x00007fface0b5000 	C:\WINDOWS\System32\SHELL32.dll
0x00007ffacbb20000 - 0x00007ffacbc88000 	C:\WINDOWS\System32\wintypes.dll
0x00007ffac8fd0000 - 0x00007ffac9815000 	C:\WINDOWS\SYSTEM32\windows.storage.dll
0x00007ffacc730000 - 0x00007ffacc81b000 	C:\WINDOWS\System32\SHCORE.dll
0x00007ffacd530000 - 0x00007ffacd58d000 	C:\WINDOWS\System32\shlwapi.dll
0x00007ffacb210000 - 0x00007ffacb23f000 	C:\WINDOWS\SYSTEM32\profapi.dll
0x00007ffaad270000 - 0x00007ffaad288000 	C:\Program Files\Java\jdk-17\bin\zip.dll
0x00007ffaae710000 - 0x00007ffaae729000 	C:\Program Files\Java\jdk-17\bin\net.dll
0x00007ffac08c0000 - 0x00007ffac09de000 	C:\WINDOWS\SYSTEM32\WINHTTP.dll
0x00007ffaca640000 - 0x00007ffaca6aa000 	C:\WINDOWS\system32\mswsock.dll
0x00007ffaad720000 - 0x00007ffaad736000 	C:\Program Files\Java\jdk-17\bin\nio.dll
0x00007ffaac930000 - 0x00007ffaac94a000 	C:\Program Files\JetBrains\IntelliJ IDEA 2024.3.3\bin\breakgen64.dll
0x00007ffac9c00000 - 0x00007ffac9d25000 	C:\WINDOWS\SYSTEM32\DNSAPI.dll
0x00007ffac9bc0000 - 0x00007ffac9bf3000 	C:\WINDOWS\SYSTEM32\IPHLPAPI.DLL
0x00007ffacc820000 - 0x00007ffacc82a000 	C:\WINDOWS\System32\NSI.dll
0x00007ffac4340000 - 0x00007ffac434b000 	C:\Windows\System32\rasadhlp.dll
0x00007ffabfc90000 - 0x00007ffabfd15000 	C:\WINDOWS\System32\fwpuclnt.dll
0x00007ffaac920000 - 0x00007ffaac92a000 	C:\Program Files\Java\jdk-17\bin\management.dll
0x00007ffaac8e0000 - 0x00007ffaac8eb000 	C:\Program Files\Java\jdk-17\bin\management_ext.dll
0x00007ffaca8e0000 - 0x00007ffaca8fc000 	C:\WINDOWS\SYSTEM32\CRYPTSP.dll
0x00007ffaca080000 - 0x00007ffaca0ba000 	C:\WINDOWS\system32\rsaenh.dll
0x00007ffaca6e0000 - 0x00007ffaca70b000 	C:\WINDOWS\SYSTEM32\USERENV.dll
0x00007ffacab20000 - 0x00007ffacab46000 	C:\WINDOWS\SYSTEM32\bcrypt.dll
0x00007ffaca900000 - 0x00007ffaca90c000 	C:\WINDOWS\SYSTEM32\CRYPTBASE.dll
0x00007ffac0a20000 - 0x00007ffac0a3f000 	C:\WINDOWS\SYSTEM32\dhcpcsvc6.DLL
0x00007ffac09f0000 - 0x00007ffac0a15000 	C:\WINDOWS\SYSTEM32\dhcpcsvc.DLL
0x00007ffaa1c50000 - 0x00007ffaa1c68000 	C:\WINDOWS\system32\napinsp.dll
0x00007ffaa1340000 - 0x00007ffaa1352000 	C:\WINDOWS\System32\winrnr.dll
0x00007ffaa1310000 - 0x00007ffaa1332000 	C:\WINDOWS\system32\nlansp_c.dll
0x00007ffac0d20000 - 0x00007ffac0d36000 	C:\WINDOWS\system32\wshbth.dll
0x00007ffaae760000 - 0x00007ffaae7ae000 	C:\WINDOWS\SYSTEM32\pdh.dll
0x00007ffabd5f0000 - 0x00007ffabd602000 	C:\WINDOWS\System32\perfproc.dll
0x00007ffaad710000 - 0x00007ffaad71e000 	C:\Program Files\Java\jdk-17\bin\sunmscapi.dll
0x00007ffacb440000 - 0x00007ffacb5b7000 	C:\WINDOWS\System32\CRYPT32.dll
0x00007ffacaae0000 - 0x00007ffacab10000 	C:\WINDOWS\SYSTEM32\ncrypt.dll
0x00007ffacaa90000 - 0x00007ffacaacf000 	C:\WINDOWS\SYSTEM32\NTASN1.dll
0x00007ffaabbf0000 - 0x00007ffaabc00000 	C:\Program Files\Java\jdk-17\bin\verify.dll
0x00007ffa19270000 - 0x00007ffa19278000 	C:\WINDOWS\system32\wshunix.dll

dbghelp: loaded successfully - version: 4.0.5 - missing functions: none
symbol engine: initialized successfully - sym options: 0x614 - pdb path: .;C:\Program Files\Java\jdk-17\bin;C:\WINDOWS\SYSTEM32;C:\WINDOWS\WinSxS\amd64_microsoft.windows.common-controls_6595b64144ccf1df_6.0.26100.3323_none_3e088096e3344490;C:\Program Files\Java\jdk-17\bin\server;C:\Program Files\JetBrains\IntelliJ IDEA 2024.3.3\bin

VM Arguments:
jvm_args: -XX:TieredStopAtLevel=1 -Dspring.output.ansi.enabled=always -Dcom.sun.management.jmxremote -Dspring.jmx.enabled=true -Dspring.liveBeansView.mbeanDomain -Dspring.application.admin.enabled=true -Dmanagement.endpoints.jmx.exposure.include=* -javaagent:C:\Program Files\JetBrains\IntelliJ IDEA 2024.3.3\lib\idea_rt.jar=59510:C:\Program Files\JetBrains\IntelliJ IDEA 2024.3.3\bin -Dfile.encoding=UTF-8 
java_command: com.example.parcialcompiladores.ParcialCompiladoresApplication
java_class_path (initial): C:\Users\olgam\ParcialCompi\ParcialCompiladores\target\classes;C:\Users\olgam\.m2\repository\org\springframework\boot\spring-boot-starter-web\3.4.3\spring-boot-starter-web-3.4.3.jar;C:\Users\olgam\.m2\repository\org\springframework\boot\spring-boot-starter\3.4.3\spring-boot-starter-3.4.3.jar;C:\Users\olgam\.m2\repository\org\springframework\boot\spring-boot-starter-logging\3.4.3\spring-boot-starter-logging-3.4.3.jar;C:\Users\olgam\.m2\repository\ch\qos\logback\logback-classic\1.5.16\logback-classic-1.5.16.jar;C:\Users\olgam\.m2\repository\ch\qos\logback\logback-core\1.5.16\logback-core-1.5.16.jar;C:\Users\olgam\.m2\repository\org\apache\logging\log4j\log4j-to-slf4j\2.24.3\log4j-to-slf4j-2.24.3.jar;C:\Users\olgam\.m2\repository\org\apache\logging\log4j\log4j-api\2.24.3\log4j-api-2.24.3.jar;C:\Users\olgam\.m2\repository\org\slf4j\jul-to-slf4j\2.0.16\jul-to-slf4j-2.0.16.jar;C:\Users\olgam\.m2\repository\jakarta\annotation\jakarta.annotation-api\2.1.1\jakarta.annotation-api-2.1.1.jar;C:\Users\olgam\.m2\repository\org\yaml\snakeyaml\2.3\snakeyaml-2.3.jar;C:\Users\olgam\.m2\repository\org\springframework\boot\spring-boot-starter-json\3.4.3\spring-boot-starter-json-3.4.3.jar;C:\Users\olgam\.m2\repository\com\fasterxml\jackson\core\jackson-databind\2.18.2\jackson-databind-2.18.2.jar;C:\Users\olgam\.m2\repository\com\fasterxml\jackson\core\jackson-annotations\2.18.2\jackson-annotations-2.18.2.jar;C:\Users\olgam\.m2\repository\com\fasterxml\jackson\core\jackson-core\2.18.2\jackson-core-2.18.2.jar;C:\Users\olgam\.m2\repository\com\fasterxml\jackson\datatype\jackson-datatype-jdk8\2.18.2\jackson-datatype-jdk8-2.18.2.jar;C:\Users\olgam\.m2\repository\com\fasterxml\jackson\datatype\jackson-datatype-jsr310\2.18.2\jackson-datatype-jsr310-2.18.2.jar;C:\Users\olgam\.m2\repository\com\fasterxml\jackson\module\jackson-module-parameter-names\2.18.2\jackson-module-parameter-names-2.18.2.jar;C:\Users\olgam\.m2\repository\org\springframework\boot\spring-boot-sta
Launcher Type: SUN_STANDARD

[Global flags]
     intx CICompilerCount                          = 4                                         {product} {ergonomic}
     uint ConcGCThreads                            = 2                                         {product} {ergonomic}
     uint G1ConcRefinementThreads                  = 8                                         {product} {ergonomic}
   size_t G1HeapRegionSize                         = 1048576                                   {product} {ergonomic}
    uintx GCDrainStackTargetSize                   = 64                                        {product} {ergonomic}
   size_t InitialHeapSize                          = 100663296                                 {product} {ergonomic}
     bool ManagementServer                         = true                                      {product} {command line}
   size_t MarkStackSize                            = 4194304                                   {product} {ergonomic}
   size_t MaxHeapSize                              = 1589641216                                {product} {ergonomic}
   size_t MaxNewSize                               = 953155584                                 {product} {ergonomic}
   size_t MinHeapDeltaBytes                        = 1048576                                   {product} {ergonomic}
   size_t MinHeapSize                              = 8388608                                   {product} {ergonomic}
    uintx NonProfiledCodeHeapSize                  = 0                                      {pd product} {ergonomic}
     bool ProfileInterpreter                       = false                                  {pd product} {command line}
    uintx ProfiledCodeHeapSize                     = 0                                      {pd product} {ergonomic}
   size_t SoftMaxHeapSize                          = 1589641216                             {manageable} {ergonomic}
     intx TieredStopAtLevel                        = 1                                         {product} {command line}
     bool UseCompressedClassPointers               = true                           {product lp64_product} {ergonomic}
     bool UseCompressedOops                        = true                           {product lp64_product} {ergonomic}
     bool UseG1GC                                  = true                                      {product} {ergonomic}
     bool UseLargePagesIndividualAllocation        = false                                  {pd product} {ergonomic}

Logging:
Log output configuration:
 #0: stdout all=warning uptime,level,tags
 #1: stderr all=off uptime,level,tags

Environment Variables:
PATH=C:\Program Files\Common Files\Oracle\Java\javapath;C:\WINDOWS\system32;C:\WINDOWS;C:\WINDOWS\System32\Wbem;C:\WINDOWS\System32\WindowsPowerShell\v1.0\;C:\WINDOWS\System32\OpenSSH\;C:\msys64\mingw64\bin;C:\Program Files\dotnet\;C:\Program Files\nodejs\;C:\Program Files\Git\cmd;C:\Program Files\Docker\Docker\resources\bin;C:\Users\olgam\AppData\Local\Microsoft\WindowsApps;C:\Users\olgam\AppData\Local\Programs\Microsoft VS Code\bin;C:\msys64\mingw64\bin;C:\Users\olgam\AppData\Roaming\npm;
USERNAME=olgam
OS=Windows_NT
PROCESSOR_IDENTIFIER=AMD64 Family 23 Model 24 Stepping 1, AuthenticAMD



---------------  S Y S T E M  ---------------

OS:
 Windows 11 , 64 bit Build 26100 (10.0.26100.3323)
OS uptime: 7 days 17:07 hours
Hyper-V role detected

CPU: total 8 (initial active 8) (8 cores per cpu, 2 threads per core) family 23 model 24 stepping 1 microcode 0x8108109, cx8, cmov, fxsr, ht, mmx, 3dnowpref, sse, sse2, sse3, ssse3, sse4a, sse4.1, sse4.2, popcnt, lzcnt, tsc, tscinvbit, avx, avx2, aes, clmul, bmi1, bmi2, adx, sha, fma, vzeroupper, clflush, clflushopt, hv

Memory: 4k page, system-wide physical 6058M (810M free)
TotalPageFile size 24490M (AvailPageFile size 3M)
current process WorkingSet (physical memory assigned to process): 70M, peak: 213M
current process commit charge ("private bytes"): 265M, peak: 266M

vm_info: Java HotSpot(TM) 64-Bit Server VM (17.0.10+11-LTS-240) for windows-amd64 JRE (17.0.10+11-LTS-240), built on Dec 19 2023 21:47:25 by "mach5one" with MS VC++ 17.1 (VS2022)

END.
